#
# There is insufficient memory for the Java Runtime Environment to continue.
# Native memory allocation (mmap) failed to map 4128768 bytes for G1 virtual space
# Possible reasons:
#   The system is out of physical RAM or swap space
#   The process is running with CompressedOops enabled, and the Java Heap may be blocking the growth of the native heap
# Possible solutions:
#   Reduce memory load on the system
#   Increase physical memory or swap space
#   Check if swap backing store is full
#   Decrease Java heap size (-Xmx/-Xms)
#   Decrease number of Java threads
#   Decrease Java thread stack sizes (-Xss)
#   Set larger code cache with -XX:ReservedCodeCacheSize=
#   JVM is running with Zero Based Compressed Oops mode in which the Java heap is
#     placed in the first 32GB address space. The Java Heap base address is the
#     maximum limit for the native heap growth. Please use -XX:HeapBaseMinAddress
#     to set the Java Heap base and to place the Java Heap above 32GB virtual address.
# This output file may be truncated or incomplete.
#
#  Out of Memory Error (os_windows.cpp:3548), pid=21576, tid=3520
#
# JRE version:  (17.0.10+11) (build )
# Java VM: Java HotSpot(TM) 64-Bit Server VM (17.0.10+11-LTS-240, mixed mode, emulated-client, sharing, tiered, compressed oops, compressed class ptrs, g1 gc, windows-amd64)
# No core dump will be written. Minidumps are not enabled by default on client versions of Windows
#

---------------  S U M M A R Y ------------

Command Line: -XX:TieredStopAtLevel=1 -Dspring.output.ansi.enabled=always -Dcom.sun.management.jmxremote -Dspring.jmx.enabled=true -Dspring.liveBeansView.mbeanDomain -Dspring.application.admin.enabled=true -Dmanagement.endpoints.jmx.exposure.include=* -javaagent:C:\Program Files\JetBrains\IntelliJ IDEA 2024.1.2\lib\idea_rt.jar=58855:C:\Program Files\JetBrains\IntelliJ IDEA 2024.1.2\bin -Dfile.encoding=UTF-8 com.saferoute.saferoute3d.SafeRoute3DApplication

Host: 12th Gen Intel(R) Core(TM) i5-12500H, 16 cores, 15G,  Windows 11 , 64 bit Build 26100 (10.0.26100.8328)
Time: Sun May 10 13:35:04 2026 T僡kiye Standart Saati elapsed time: 2.058911 seconds (0d 0h 0m 2s)

---------------  T H R E A D  ---------------

Current thread (0x0000024da35926a0):  JavaThread "Unknown thread" [_thread_in_vm, id=3520, stack(0x00000055e3200000,0x00000055e3300000)]

Stack: [0x00000055e3200000,0x00000055e3300000]
Native frames: (J=compiled Java code, j=interpreted, Vv=VM code, C=native code)
V  [jvm.dll+0x677a5a]
V  [jvm.dll+0x7d8b2d]
V  [jvm.dll+0x7da48e]
V  [jvm.dll+0x7daaf3]
V  [jvm.dll+0x2455ff]
V  [jvm.dll+0x6749b9]
V  [jvm.dll+0x669382]
V  [jvm.dll+0x302e96]
V  [jvm.dll+0x30a416]
V  [jvm.dll+0x359ce8]
V  [jvm.dll+0x359eef]
V  [jvm.dll+0x2d9e88]
V  [jvm.dll+0x2dadf4]
V  [jvm.dll+0x7aa551]
V  [jvm.dll+0x367911]
V  [jvm.dll+0x789639]
V  [jvm.dll+0x3eb30f]
V  [jvm.dll+0x3ecd91]
C  [jli.dll+0x5297]
C  [ucrtbase.dll+0x37b0]
C  [KERNEL32.DLL+0x2e957]
C  [ntdll.dll+0x427c]


---------------  P R O C E S S  ---------------

Threads class SMR info:
_java_thread_list=0x00007ffc96d06a18, length=0, elements={
}

Java Threads: ( => current thread )

Other Threads:
  0x0000024da3602470 GCTaskThread "GC Thread#0" [stack: 0x00000055e3300000,0x00000055e3400000] [id=20596]
  0x0000024da3612da0 ConcurrentGCThread "G1 Main Marker" [stack: 0x00000055e3400000,0x00000055e3500000] [id=5884]
  0x0000024da3614390 ConcurrentGCThread "G1 Conc#0" [stack: 0x00000055e3500000,0x00000055e3600000] [id=18956]

[error occurred during error reporting (printing all threads), id 0xc0000005, EXCEPTION_ACCESS_VIOLATION (0xc0000005) at pc=0x00007ffc9653aae7]

VM state: not at safepoint (not fully initialized)

VM Mutex/Monitor currently owned by a thread:  ([mutex/lock_event])
[0x0000024da3591ac0] Heap_lock - owner thread: 0x0000024da35926a0

Heap address: 0x0000000705200000, size: 4014 MB, Compressed Oops mode: Zero based, Oop shift amount: 3

CDS archive(s) mapped at: [0x0000000000000000-0x0000000000000000-0x0000000000000000), size 0, SharedBaseAddress: 0x0000000800000000, ArchiveRelocationMode: 1.
Narrow klass base: 0x0000000000000000, Narrow klass shift: 0, Narrow klass range: 0x0

GC Precious Log:
<Empty>

Heap:
 garbage-first heap   total 0K, used 0K [0x0000000705200000, 0x0000000800000000)
  region size 2048K, 0 young (0K), 0 survivors (0K)

[error occurred during error reporting (printing heap information), id 0xc0000005, EXCEPTION_ACCESS_VIOLATION (0xc0000005) at pc=0x00007ffc96921249]

GC Heap History (0 events):
No events

Deoptimization events (0 events):
No events

Classes unloaded (0 events):
No events

Classes redefined (0 events):
No events

Internal exceptions (0 events):
No events

VM Operations (0 events):
No events

Events (1 events):
Event: 0.008 Loaded shared library C:\Program Files\Java\jdk-17\bin\java.dll


Dynamic libraries:
0x00007ff7376f0000 - 0x00007ff737700000 	C:\Program Files\Java\jdk-17\bin\java.exe
0x00007ffd71020000 - 0x00007ffd71287000 	C:\WINDOWS\SYSTEM32\ntdll.dll
0x00007ffd6f590000 - 0x00007ffd6f659000 	C:\WINDOWS\System32\KERNEL32.DLL
0x00007ffd6e830000 - 0x00007ffd6ec27000 	C:\WINDOWS\System32\KERNELBASE.dll
0x00007ffd6db80000 - 0x00007ffd6dccb000 	C:\WINDOWS\System32\ucrtbase.dll
0x00007ffd4e650000 - 0x00007ffd4e66b000 	C:\Program Files\Java\jdk-17\bin\VCRUNTIME140.dll
0x00007ffd4e670000 - 0x00007ffd4e689000 	C:\Program Files\Java\jdk-17\bin\jli.dll
0x00007ffd702e0000 - 0x00007ffd70396000 	C:\WINDOWS\System32\ADVAPI32.dll
0x00007ffd6ffe0000 - 0x00007ffd70089000 	C:\WINDOWS\System32\msvcrt.dll
0x00007ffd70f00000 - 0x00007ffd70fa7000 	C:\WINDOWS\System32\sechost.dll
0x00007ffd6f0c0000 - 0x00007ffd6f1d8000 	C:\WINDOWS\System32\RPCRT4.dll
0x00007ffd703b0000 - 0x00007ffd70576000 	C:\WINDOWS\System32\USER32.dll
0x00007ffd6ed70000 - 0x00007ffd6ed97000 	C:\WINDOWS\System32\win32u.dll
0x00007ffd70fb0000 - 0x00007ffd70fdb000 	C:\WINDOWS\System32\GDI32.dll
0x00007ffd6da50000 - 0x00007ffd6db7c000 	C:\WINDOWS\System32\gdi32full.dll
0x00007ffd4f210000 - 0x00007ffd4f4a2000 	C:\WINDOWS\WinSxS\amd64_microsoft.windows.common-controls_6595b64144ccf1df_6.0.26100.8328_none_3e08182ce334b678\COMCTL32.dll
0x00007ffd6dd90000 - 0x00007ffd6de33000 	C:\WINDOWS\System32\msvcp_win.dll
0x00007ffd640d0000 - 0x00007ffd640db000 	C:\WINDOWS\SYSTEM32\VERSION.dll
0x00007ffd70090000 - 0x00007ffd700c2000 	C:\WINDOWS\System32\IMM32.DLL
0x00007ffd68cd0000 - 0x00007ffd68cdc000 	C:\Program Files\Java\jdk-17\bin\vcruntime140_1.dll
0x00007ffd01980000 - 0x00007ffd01a0e000 	C:\Program Files\Java\jdk-17\bin\msvcp140.dll
0x00007ffc96250000 - 0x00007ffc96e2f000 	C:\Program Files\Java\jdk-17\bin\server\jvm.dll
0x00007ffd700d0000 - 0x00007ffd700d8000 	C:\WINDOWS\System32\PSAPI.DLL
0x00007ffd64030000 - 0x00007ffd64066000 	C:\WINDOWS\SYSTEM32\WINMM.dll
0x00007ffcd64c0000 - 0x00007ffcd64ca000 	C:\WINDOWS\SYSTEM32\WSOCK32.dll
0x00007ffd6f030000 - 0x00007ffd6f0b0000 	C:\WINDOWS\System32\WS2_32.dll
0x00007ffd6c7a0000 - 0x00007ffd6c7bb000 	C:\WINDOWS\SYSTEM32\kernel.appcore.dll
0x00007ffd64000000 - 0x00007ffd6400a000 	C:\Program Files\Java\jdk-17\bin\jimage.dll
0x00007ffd6b5d0000 - 0x00007ffd6b812000 	C:\WINDOWS\SYSTEM32\DBGHELP.DLL
0x00007ffd6f200000 - 0x00007ffd6f583000 	C:\WINDOWS\System32\combase.dll
0x00007ffd6fe80000 - 0x00007ffd6ff59000 	C:\WINDOWS\System32\OLEAUT32.dll
0x00007ffd48220000 - 0x00007ffd4825b000 	C:\WINDOWS\SYSTEM32\dbgcore.DLL
0x00007ffd6ecc0000 - 0x00007ffd6ed68000 	C:\WINDOWS\System32\bcryptPrimitives.dll
0x00007ffd59b10000 - 0x00007ffd59b1e000 	C:\Program Files\Java\jdk-17\bin\instrument.dll
0x00007ffd25330000 - 0x00007ffd25355000 	C:\Program Files\Java\jdk-17\bin\java.dll

dbghelp: loaded successfully - version: 4.0.5 - missing functions: none
symbol engine: initialized successfully - sym options: 0x614 - pdb path: .;C:\Program Files\Java\jdk-17\bin;C:\WINDOWS\SYSTEM32;C:\WINDOWS\WinSxS\amd64_microsoft.windows.common-controls_6595b64144ccf1df_6.0.26100.8328_none_3e08182ce334b678;C:\Program Files\Java\jdk-17\bin\server

VM Arguments:
jvm_args: -XX:TieredStopAtLevel=1 -Dspring.output.ansi.enabled=always -Dcom.sun.management.jmxremote -Dspring.jmx.enabled=true -Dspring.liveBeansView.mbeanDomain -Dspring.application.admin.enabled=true -Dmanagement.endpoints.jmx.exposure.include=* -javaagent:C:\Program Files\JetBrains\IntelliJ IDEA 2024.1.2\lib\idea_rt.jar=58855:C:\Program Files\JetBrains\IntelliJ IDEA 2024.1.2\bin -Dfile.encoding=UTF-8 
java_command: com.saferoute.saferoute3d.SafeRoute3DApplication
java_class_path (initial): C:\Users\Melih Ali ぺ繜an\IdeaProjects\SafeRoute3D\target\classes;C:\Users\Melih Ali ぺ繜an\.m2\repository\org\springframework\boot\spring-boot-starter-data-jpa\4.0.6\spring-boot-starter-data-jpa-4.0.6.jar;C:\Users\Melih Ali ぺ繜an\.m2\repository\org\springframework\boot\spring-boot-starter\4.0.6\spring-boot-starter-4.0.6.jar;C:\Users\Melih Ali ぺ繜an\.m2\repository\org\springframework\boot\spring-boot-starter-logging\4.0.6\spring-boot-starter-logging-4.0.6.jar;C:\Users\Melih Ali ぺ繜an\.m2\repository\ch\qos\logback\logback-classic\1.5.32\logback-classic-1.5.32.jar;C:\Users\Melih Ali ぺ繜an\.m2\repository\ch\qos\logback\logback-core\1.5.32\logback-core-1.5.32.jar;C:\Users\Melih Ali ぺ繜an\.m2\repository\org\apache\logging\log4j\log4j-to-slf4j\2.25.4\log4j-to-slf4j-2.25.4.jar;C:\Users\Melih Ali ぺ繜an\.m2\repository\org\apache\logging\log4j\log4j-api\2.25.4\log4j-api-2.25.4.jar;C:\Users\Melih Ali ぺ繜an\.m2\repository\org\slf4j\jul-to-slf4j\2.0.17\jul-to-slf4j-2.0.17.jar;C:\Users\Melih Ali ぺ繜an\.m2\repository\org\springframework\boot\spring-boot-autoconfigure\4.0.6\spring-boot-autoconfigure-4.0.6.jar;C:\Users\Melih Ali ぺ繜an\.m2\repository\jakarta\annotation\jakarta.annotation-api\3.0.0\jakarta.annotation-api-3.0.0.jar;C:\Users\Melih Ali ぺ繜an\.m2\repository\org\yaml\snakeyaml\2.5\snakeyaml-2.5.jar;C:\Users\Melih Ali ぺ繜an\.m2\repository\org\springframework\boot\spring-boot-starter-jdbc\4.0.6\spring-boot-starter-jdbc-4.0.6.jar;C:\Users\Melih Ali ぺ繜an\.m2\repository\com\zaxxer\HikariCP\7.0.2\HikariCP-7.0.2.jar;C:\Users\Melih Ali ぺ繜an\.m2\repository\org\slf4j\slf4j-api\2.0.17\slf4j-api-2.0.17.jar;C:\Users\Melih Ali ぺ繜an\.m2\repository\org\springframework\boot\spring-boot-data-jpa\4.0.6\spring-boot-data-jpa-4.0.6.jar;C:\Users\Melih Ali ぺ繜an\.m2\repository\org\springframework\boot\spring-boot-data-commons\4.0.6\spring-boot-data-commons-4.0.6.jar;C:\Users\Melih Ali ぺ繜an\.m2\repository\org\springframework\boot\spring-boot-persist
Launcher Type: SUN_STANDARD

[Global flags]
     intx CICompilerCount                          = 12                                        {product} {ergonomic}
     uint ConcGCThreads                            = 3                                         {product} {ergonomic}
     uint G1ConcRefinementThreads                  = 13                                        {product} {ergonomic}
   size_t G1HeapRegionSize                         = 2097152                                   {product} {ergonomic}
    uintx GCDrainStackTargetSize                   = 64                                        {product} {ergonomic}
   size_t InitialHeapSize                          = 264241152                                 {product} {ergonomic}
     bool ManagementServer                         = true                                      {product} {command line}
   size_t MarkStackSize                            = 4194304                                   {product} {ergonomic}
   size_t MaxHeapSize                              = 4208984064                                {product} {ergonomic}
   size_t MinHeapDeltaBytes                        = 2097152                                   {product} {ergonomic}
   size_t MinHeapSize                              = 8388608                                   {product} {ergonomic}
    uintx NonProfiledCodeHeapSize                  = 0                                      {pd product} {ergonomic}
     bool ProfileInterpreter                       = false                                  {pd product} {command line}
    uintx ProfiledCodeHeapSize                     = 0                                      {pd product} {ergonomic}
   size_t SoftMaxHeapSize                          = 4208984064                             {manageable} {ergonomic}
     intx TieredStopAtLevel                        = 1                                         {product} {command line}
     bool UseCompressedClassPointers               = true                           {product lp64_product} {ergonomic}
     bool UseCompressedOops                        = true                           {product lp64_product} {ergonomic}
     bool UseG1GC                                  = true                                      {product} {ergonomic}
     bool UseLargePagesIndividualAllocation        = false                                  {pd product} {ergonomic}

Logging:
Log output configuration:
 #0: stdout all=warning uptime,level,tags
 #1: stderr all=off uptime,level,tags

Environment Variables:
JAVA_HOME=C:\Program Files\Amazon Corretto\jdk1.8.0_482
PATH=C:\Program Files\Amazon Corretto\jdk1.8.0_482\bin;C:\Program Files\Common Files\Oracle\Java\javapath;C:\Windows\system32;C:\Windows;C:\Windows\System32\Wbem;C:\Windows\System32\WindowsPowerShell\v1.0\;C:\Windows\System32\OpenSSH\;C:\Program Files (x86)\NVIDIA Corporation\PhysX\Common;C:\Program Files\NVIDIA Corporation\NVIDIA NvDLISR;C:\Program Files\Microsoft SQL Server\150\Tools\Binn\;C:\Program Files\Microsoft SQL Server\Client SDK\ODBC\170\Tools\Binn\;C:\WINDOWS\system32;C:\WINDOWS;C:\WINDOWS\System32\Wbem;C:\WINDOWS\System32\WindowsPowerShell\v1.0\;C:\WINDOWS\System32\OpenSSH\;C:\Program Files\Git\cmd;C:\ProgramData\chocolatey\bin;C:\Program Files (x86)\Microsoft SQL Server\160\DTS\Binn\;C:\Program Files (x86)\Microsoft SQL Server\160\Tools\Binn\;C:\Program Files\Microsoft SQL Server\160\Tools\Binn\;C:\Program Files\Microsoft SQL Server\160\DTS\Binn\;C:\Program Files\nodejs\;C:\Program Files\PowerShell\7\;C:\Program Files\dotnet\;C:\Program Files\MySQL\MySQL Shell 8.0\bin\;C:\Users\Melih Ali ぺ繜an\AppData\Local\Programs\Python\Python313\Scripts\;C:\Users\Melih Ali ぺ繜an\AppData\Local\Programs\Python\Python313\;C:\Users\Melih Ali ぺ繜an\AppData\Local\Programs\Python\Python312\Scripts\;C:\Users\Melih Ali ぺ繜an\AppData\Local\Programs\Python\Python312\;C:\Users\Melih Ali ぺ繜an\AppData\Local\Microsoft\WindowsApps;C:\Program Files\CodeBlocks\MinGW\bin;C:\Program Files\JetBrains\IntelliJ IDEA 2024.1.2\bin;C:\Users\Melih Ali ぺ繜an\.dotnet\tools;C:\Users\Melih Ali ぺ繜an\AppData\Local\JetBrains\Toolbox\scripts;C:\Users\Melih Ali ぺ繜an\.dotnet\tools;C:\Users\Melih Ali ぺ繜an\AppData\Local\Programs\Microsoft VS Code\bin;C:\Users\Melih Ali ぺ繜an\AppData\Local\Programs\cursor\resources\app\bin;C:\Program Files\JetBrains\PyCharm Community Edition 2025.1.2\bin;;C:\msys64\ucrt64\bin;C:\Users\Melih Ali ぺ繜an\AppData\Roaming\npm;C:\Users\Melih Ali ぺ繜an\AppData\Local\Programs\Antigravity\bin
USERNAME=Melih Ali ぺ繜an
OS=Windows_NT
PROCESSOR_IDENTIFIER=Intel64 Family 6 Model 154 Stepping 3, GenuineIntel



---------------  S Y S T E M  ---------------

OS:
 Windows 11 , 64 bit Build 26100 (10.0.26100.8328)
OS uptime: 0 days 16:16 hours
Hyper-V role detected

CPU: total 16 (initial active 16) (8 cores per cpu, 2 threads per core) family 6 model 154 stepping 3 microcode 0x432, cx8, cmov, fxsr, ht, mmx, 3dnowpref, sse, sse2, sse3, ssse3, sse4.1, sse4.2, popcnt, lzcnt, tsc, tscinvbit, avx, avx2, aes, erms, clmul, bmi1, bmi2, adx, sha, fma, vzeroupper, clflush, clflushopt, clwb, hv

Memory: 4k page, system-wide physical 16051M (4275M free)
TotalPageFile size 16051M (AvailPageFile size 5M)
current process WorkingSet (physical memory assigned to process): 13M, peak: 13M
current process commit charge ("private bytes"): 322M, peak: 326M

vm_info: Java HotSpot(TM) 64-Bit Server VM (17.0.10+11-LTS-240) for windows-amd64 JRE (17.0.10+11-LTS-240), built on Dec 19 2023 21:47:25 by "mach5one" with MS VC++ 17.1 (VS2022)

END.
